<?xml version="1.0" encoding="UTF-8"?>
<testng-results skipped="0" failed="0" ignored="0" total="20" passed="20">
  <reporter-output>
  </reporter-output>
  <suite name="book-flight-module" duration-ms="45836" started-at="2022-09-15T09:56:14Z" finished-at="2022-09-15T09:56:59Z">
    <groups>
    </groups>
    <test name="book-flight-1" duration-ms="13209" started-at="2022-09-15T09:56:14Z" finished-at="2022-09-15T09:56:27Z">
      <class name="com.udemy.selenium.docker.selenium_docker.BookFlightTest">
        <test-method status="PASS" signature="setupDriver(org.testng.ITestContext)[pri:0, instance:com.udemy.selenium.docker.selenium_docker.BookFlightTest@380fb434]" name="setupDriver" is-config="true" duration-ms="4158" started-at="2022-09-15T09:56:14Z" finished-at="2022-09-15T09:56:18Z">
          <params>
            <param index="0">
              <value>
                <![CDATA[org.testng.TestRunner@5d1b9c3d]]>
              </value>
            </param>
          </params>
          <reporter-output>
          </reporter-output>
        </test-method> <!-- setupDriver -->
        <test-method status="PASS" signature="setupParameters(java.lang.String, java.lang.String)[pri:0, instance:com.udemy.selenium.docker.selenium_docker.BookFlightTest@380fb434]" name="setupParameters" is-config="true" duration-ms="1" started-at="2022-09-15T09:56:18Z" depends-on-methods="tests.BaseTest.setupDriver" finished-at="2022-09-15T09:56:18Z">
          <params>
            <param index="0">
              <value>
                <![CDATA[1]]>
              </value>
            </param>
            <param index="1">
              <value>
                <![CDATA[$584 USD]]>
              </value>
            </param>
          </params>
          <reporter-output>
          </reporter-output>
        </test-method> <!-- setupParameters -->
        <test-method status="PASS" signature="registrationPage()[pri:0, instance:com.udemy.selenium.docker.selenium_docker.BookFlightTest@380fb434]" name="registrationPage" duration-ms="6360" started-at="2022-09-15T09:56:18Z" finished-at="2022-09-15T09:56:24Z">
          <reporter-output>
          </reporter-output>
        </test-method> <!-- registrationPage -->
        <test-method status="PASS" signature="registrationConfirmationPage()[pri:0, instance:com.udemy.selenium.docker.selenium_docker.BookFlightTest@380fb434]" name="registrationConfirmationPage" duration-ms="308" started-at="2022-09-15T09:56:24Z" depends-on-methods="com.udemy.selenium.docker.selenium_docker.BookFlightTest.registrationPage" finished-at="2022-09-15T09:56:24Z">
          <reporter-output>
          </reporter-output>
        </test-method> <!-- registrationConfirmationPage -->
        <test-method status="PASS" signature="flightDetailsPage()[pri:0, instance:com.udemy.selenium.docker.selenium_docker.BookFlightTest@380fb434]" name="flightDetailsPage" duration-ms="1603" started-at="2022-09-15T09:56:24Z" depends-on-methods="com.udemy.selenium.docker.selenium_docker.BookFlightTest.registrationConfirmationPage" finished-at="2022-09-15T09:56:26Z">
          <reporter-output>
          </reporter-output>
        </test-method> <!-- flightDetailsPage -->
        <test-method status="PASS" signature="findFlightPage()[pri:0, instance:com.udemy.selenium.docker.selenium_docker.BookFlightTest@380fb434]" name="findFlightPage" duration-ms="325" started-at="2022-09-15T09:56:26Z" depends-on-methods="com.udemy.selenium.docker.selenium_docker.BookFlightTest.flightDetailsPage" finished-at="2022-09-15T09:56:26Z">
          <reporter-output>
          </reporter-output>
        </test-method> <!-- findFlightPage -->
        <test-method status="PASS" signature="flightConfirmationPage()[pri:0, instance:com.udemy.selenium.docker.selenium_docker.BookFlightTest@380fb434]" name="flightConfirmationPage" duration-ms="302" started-at="2022-09-15T09:56:26Z" depends-on-methods="com.udemy.selenium.docker.selenium_docker.BookFlightTest.findFlightPage" finished-at="2022-09-15T09:56:27Z">
          <reporter-output>
          </reporter-output>
        </test-method> <!-- flightConfirmationPage -->
        <test-method status="PASS" signature="quitBrowser()[pri:0, instance:com.udemy.selenium.docker.selenium_docker.BookFlightTest@380fb434]" name="quitBrowser" is-config="true" duration-ms="135" started-at="2022-09-15T09:56:27Z" finished-at="2022-09-15T09:56:27Z">
          <reporter-output>
          </reporter-output>
        </test-method> <!-- quitBrowser -->
      </class> <!-- com.udemy.selenium.docker.selenium_docker.BookFlightTest -->
    </test> <!-- book-flight-1 -->
    <test name="book-flight-2" duration-ms="13468" started-at="2022-09-15T09:56:27Z" finished-at="2022-09-15T09:56:40Z">
      <class name="com.udemy.selenium.docker.selenium_docker.BookFlightTest">
        <test-method status="PASS" signature="setupDriver(org.testng.ITestContext)[pri:0, instance:com.udemy.selenium.docker.selenium_docker.BookFlightTest@6be46e8f]" name="setupDriver" is-config="true" duration-ms="5249" started-at="2022-09-15T09:56:27Z" finished-at="2022-09-15T09:56:32Z">
          <params>
            <param index="0">
              <value>
                <![CDATA[org.testng.TestRunner@69e05f61]]>
              </value>
            </param>
          </params>
          <reporter-output>
          </reporter-output>
        </test-method> <!-- setupDriver -->
        <test-method status="PASS" signature="setupParameters(java.lang.String, java.lang.String)[pri:0, instance:com.udemy.selenium.docker.selenium_docker.BookFlightTest@6be46e8f]" name="setupParameters" is-config="true" duration-ms="1" started-at="2022-09-15T09:56:32Z" depends-on-methods="tests.BaseTest.setupDriver" finished-at="2022-09-15T09:56:32Z">
          <params>
            <param index="0">
              <value>
                <![CDATA[2]]>
              </value>
            </param>
            <param index="1">
              <value>
                <![CDATA[$1169 USD]]>
              </value>
            </param>
          </params>
          <reporter-output>
          </reporter-output>
        </test-method> <!-- setupParameters -->
        <test-method status="PASS" signature="registrationPage()[pri:0, instance:com.udemy.selenium.docker.selenium_docker.BookFlightTest@6be46e8f]" name="registrationPage" duration-ms="4982" started-at="2022-09-15T09:56:32Z" finished-at="2022-09-15T09:56:37Z">
          <reporter-output>
          </reporter-output>
        </test-method> <!-- registrationPage -->
        <test-method status="PASS" signature="registrationConfirmationPage()[pri:0, instance:com.udemy.selenium.docker.selenium_docker.BookFlightTest@6be46e8f]" name="registrationConfirmationPage" duration-ms="284" started-at="2022-09-15T09:56:37Z" depends-on-methods="com.udemy.selenium.docker.selenium_docker.BookFlightTest.registrationPage" finished-at="2022-09-15T09:56:37Z">
          <reporter-output>
          </reporter-output>
        </test-method> <!-- registrationConfirmationPage -->
        <test-method status="PASS" signature="flightDetailsPage()[pri:0, instance:com.udemy.selenium.docker.selenium_docker.BookFlightTest@6be46e8f]" name="flightDetailsPage" duration-ms="1668" started-at="2022-09-15T09:56:37Z" depends-on-methods="com.udemy.selenium.docker.selenium_docker.BookFlightTest.registrationConfirmationPage" finished-at="2022-09-15T09:56:39Z">
          <reporter-output>
          </reporter-output>
        </test-method> <!-- flightDetailsPage -->
        <test-method status="PASS" signature="findFlightPage()[pri:0, instance:com.udemy.selenium.docker.selenium_docker.BookFlightTest@6be46e8f]" name="findFlightPage" duration-ms="554" started-at="2022-09-15T09:56:39Z" depends-on-methods="com.udemy.selenium.docker.selenium_docker.BookFlightTest.flightDetailsPage" finished-at="2022-09-15T09:56:39Z">
          <reporter-output>
          </reporter-output>
        </test-method> <!-- findFlightPage -->
        <test-method status="PASS" signature="flightConfirmationPage()[pri:0, instance:com.udemy.selenium.docker.selenium_docker.BookFlightTest@6be46e8f]" name="flightConfirmationPage" duration-ms="547" started-at="2022-09-15T09:56:39Z" depends-on-methods="com.udemy.selenium.docker.selenium_docker.BookFlightTest.findFlightPage" finished-at="2022-09-15T09:56:40Z">
          <reporter-output>
          </reporter-output>
        </test-method> <!-- flightConfirmationPage -->
        <test-method status="PASS" signature="quitBrowser()[pri:0, instance:com.udemy.selenium.docker.selenium_docker.BookFlightTest@6be46e8f]" name="quitBrowser" is-config="true" duration-ms="181" started-at="2022-09-15T09:56:40Z" finished-at="2022-09-15T09:56:40Z">
          <reporter-output>
          </reporter-output>
        </test-method> <!-- quitBrowser -->
      </class> <!-- com.udemy.selenium.docker.selenium_docker.BookFlightTest -->
    </test> <!-- book-flight-2 -->
    <test name="book-flight-3" duration-ms="10333" started-at="2022-09-15T09:56:40Z" finished-at="2022-09-15T09:56:51Z">
      <class name="com.udemy.selenium.docker.selenium_docker.BookFlightTest">
        <test-method status="PASS" signature="setupDriver(org.testng.ITestContext)[pri:0, instance:com.udemy.selenium.docker.selenium_docker.BookFlightTest@6615435c]" name="setupDriver" is-config="true" duration-ms="1829" started-at="2022-09-15T09:56:40Z" finished-at="2022-09-15T09:56:42Z">
          <params>
            <param index="0">
              <value>
                <![CDATA[org.testng.TestRunner@49a26d19]]>
              </value>
            </param>
          </params>
          <reporter-output>
          </reporter-output>
        </test-method> <!-- setupDriver -->
        <test-method status="PASS" signature="setupParameters(java.lang.String, java.lang.String)[pri:0, instance:com.udemy.selenium.docker.selenium_docker.BookFlightTest@6615435c]" name="setupParameters" is-config="true" duration-ms="0" started-at="2022-09-15T09:56:42Z" depends-on-methods="tests.BaseTest.setupDriver" finished-at="2022-09-15T09:56:42Z">
          <params>
            <param index="0">
              <value>
                <![CDATA[3]]>
              </value>
            </param>
            <param index="1">
              <value>
                <![CDATA[$1753 USD]]>
              </value>
            </param>
          </params>
          <reporter-output>
          </reporter-output>
        </test-method> <!-- setupParameters -->
        <test-method status="PASS" signature="registrationPage()[pri:0, instance:com.udemy.selenium.docker.selenium_docker.BookFlightTest@6615435c]" name="registrationPage" duration-ms="5318" started-at="2022-09-15T09:56:42Z" finished-at="2022-09-15T09:56:47Z">
          <reporter-output>
          </reporter-output>
        </test-method> <!-- registrationPage -->
        <test-method status="PASS" signature="registrationConfirmationPage()[pri:0, instance:com.udemy.selenium.docker.selenium_docker.BookFlightTest@6615435c]" name="registrationConfirmationPage" duration-ms="212" started-at="2022-09-15T09:56:47Z" depends-on-methods="com.udemy.selenium.docker.selenium_docker.BookFlightTest.registrationPage" finished-at="2022-09-15T09:56:48Z">
          <reporter-output>
          </reporter-output>
        </test-method> <!-- registrationConfirmationPage -->
        <test-method status="PASS" signature="flightDetailsPage()[pri:0, instance:com.udemy.selenium.docker.selenium_docker.BookFlightTest@6615435c]" name="flightDetailsPage" duration-ms="1653" started-at="2022-09-15T09:56:48Z" depends-on-methods="com.udemy.selenium.docker.selenium_docker.BookFlightTest.registrationConfirmationPage" finished-at="2022-09-15T09:56:49Z">
          <reporter-output>
          </reporter-output>
        </test-method> <!-- flightDetailsPage -->
        <test-method status="PASS" signature="findFlightPage()[pri:0, instance:com.udemy.selenium.docker.selenium_docker.BookFlightTest@6615435c]" name="findFlightPage" duration-ms="696" started-at="2022-09-15T09:56:49Z" depends-on-methods="com.udemy.selenium.docker.selenium_docker.BookFlightTest.flightDetailsPage" finished-at="2022-09-15T09:56:50Z">
          <reporter-output>
          </reporter-output>
        </test-method> <!-- findFlightPage -->
        <test-method status="PASS" signature="flightConfirmationPage()[pri:0, instance:com.udemy.selenium.docker.selenium_docker.BookFlightTest@6615435c]" name="flightConfirmationPage" duration-ms="442" started-at="2022-09-15T09:56:50Z" depends-on-methods="com.udemy.selenium.docker.selenium_docker.BookFlightTest.findFlightPage" finished-at="2022-09-15T09:56:50Z">
          <reporter-output>
          </reporter-output>
        </test-method> <!-- flightConfirmationPage -->
        <test-method status="PASS" signature="quitBrowser()[pri:0, instance:com.udemy.selenium.docker.selenium_docker.BookFlightTest@6615435c]" name="quitBrowser" is-config="true" duration-ms="176" started-at="2022-09-15T09:56:50Z" finished-at="2022-09-15T09:56:51Z">
          <reporter-output>
          </reporter-output>
        </test-method> <!-- quitBrowser -->
      </class> <!-- com.udemy.selenium.docker.selenium_docker.BookFlightTest -->
    </test> <!-- book-flight-3 -->
    <test name="book-flight-4" duration-ms="8690" started-at="2022-09-15T09:56:51Z" finished-at="2022-09-15T09:56:59Z">
      <class name="com.udemy.selenium.docker.selenium_docker.BookFlightTest">
        <test-method status="PASS" signature="setupDriver(org.testng.ITestContext)[pri:0, instance:com.udemy.selenium.docker.selenium_docker.BookFlightTest@6df97b55]" name="setupDriver" is-config="true" duration-ms="1414" started-at="2022-09-15T09:56:51Z" finished-at="2022-09-15T09:56:52Z">
          <params>
            <param index="0">
              <value>
                <![CDATA[org.testng.TestRunner@730e5763]]>
              </value>
            </param>
          </params>
          <reporter-output>
          </reporter-output>
        </test-method> <!-- setupDriver -->
        <test-method status="PASS" signature="setupParameters(java.lang.String, java.lang.String)[pri:0, instance:com.udemy.selenium.docker.selenium_docker.BookFlightTest@6df97b55]" name="setupParameters" is-config="true" duration-ms="1" started-at="2022-09-15T09:56:52Z" depends-on-methods="tests.BaseTest.setupDriver" finished-at="2022-09-15T09:56:52Z">
          <params>
            <param index="0">
              <value>
                <![CDATA[4]]>
              </value>
            </param>
            <param index="1">
              <value>
                <![CDATA[$2338 USD]]>
              </value>
            </param>
          </params>
          <reporter-output>
          </reporter-output>
        </test-method> <!-- setupParameters -->
        <test-method status="PASS" signature="registrationPage()[pri:0, instance:com.udemy.selenium.docker.selenium_docker.BookFlightTest@6df97b55]" name="registrationPage" duration-ms="5015" started-at="2022-09-15T09:56:52Z" finished-at="2022-09-15T09:56:57Z">
          <reporter-output>
          </reporter-output>
        </test-method> <!-- registrationPage -->
        <test-method status="PASS" signature="registrationConfirmationPage()[pri:0, instance:com.udemy.selenium.docker.selenium_docker.BookFlightTest@6df97b55]" name="registrationConfirmationPage" duration-ms="159" started-at="2022-09-15T09:56:57Z" depends-on-methods="com.udemy.selenium.docker.selenium_docker.BookFlightTest.registrationPage" finished-at="2022-09-15T09:56:57Z">
          <reporter-output>
          </reporter-output>
        </test-method> <!-- registrationConfirmationPage -->
        <test-method status="PASS" signature="flightDetailsPage()[pri:0, instance:com.udemy.selenium.docker.selenium_docker.BookFlightTest@6df97b55]" name="flightDetailsPage" duration-ms="1428" started-at="2022-09-15T09:56:57Z" depends-on-methods="com.udemy.selenium.docker.selenium_docker.BookFlightTest.registrationConfirmationPage" finished-at="2022-09-15T09:56:59Z">
          <reporter-output>
          </reporter-output>
        </test-method> <!-- flightDetailsPage -->
        <test-method status="PASS" signature="findFlightPage()[pri:0, instance:com.udemy.selenium.docker.selenium_docker.BookFlightTest@6df97b55]" name="findFlightPage" duration-ms="301" started-at="2022-09-15T09:56:59Z" depends-on-methods="com.udemy.selenium.docker.selenium_docker.BookFlightTest.flightDetailsPage" finished-at="2022-09-15T09:56:59Z">
          <reporter-output>
          </reporter-output>
        </test-method> <!-- findFlightPage -->
        <test-method status="PASS" signature="flightConfirmationPage()[pri:0, instance:com.udemy.selenium.docker.selenium_docker.BookFlightTest@6df97b55]" name="flightConfirmationPage" duration-ms="238" started-at="2022-09-15T09:56:59Z" depends-on-methods="com.udemy.selenium.docker.selenium_docker.BookFlightTest.findFlightPage" finished-at="2022-09-15T09:56:59Z">
          <reporter-output>
          </reporter-output>
        </test-method> <!-- flightConfirmationPage -->
        <test-method status="PASS" signature="quitBrowser()[pri:0, instance:com.udemy.selenium.docker.selenium_docker.BookFlightTest@6df97b55]" name="quitBrowser" is-config="true" duration-ms="132" started-at="2022-09-15T09:56:59Z" finished-at="2022-09-15T09:56:59Z">
          <reporter-output>
          </reporter-output>
        </test-method> <!-- quitBrowser -->
      </class> <!-- com.udemy.selenium.docker.selenium_docker.BookFlightTest -->
    </test> <!-- book-flight-4 -->
  </suite> <!-- book-flight-module -->
</testng-results>
