<?xml version="1.0" encoding="UTF-8"?>
<testng-results skipped="0" failed="0" ignored="0" total="4" passed="4">
  <reporter-output>
  </reporter-output>
  <suite name="search-module" duration-ms="40937" started-at="2022-09-15T09:56:14Z" finished-at="2022-09-15T09:56:54Z">
    <groups>
    </groups>
    <test name="search-test-java" duration-ms="12090" started-at="2022-09-15T09:56:14Z" finished-at="2022-09-15T09:56:26Z">
      <class name="com.searchmodule.pages.SearchTest">
        <test-method status="PASS" signature="setupDriver(org.testng.ITestContext)[pri:0, instance:com.searchmodule.pages.SearchTest@5ebec15]" name="setupDriver" is-config="true" duration-ms="6844" started-at="2022-09-15T09:56:14Z" finished-at="2022-09-15T09:56:20Z">
          <params>
            <param index="0">
              <value>
                <![CDATA[org.testng.TestRunner@58cd06cb]]>
              </value>
            </param>
          </params>
          <reporter-output>
          </reporter-output>
        </test-method> <!-- setupDriver -->
        <test-method status="PASS" signature="search(java.lang.String)[pri:0, instance:com.searchmodule.pages.SearchTest@5ebec15]" name="search" duration-ms="4497" started-at="2022-09-15T09:56:20Z" finished-at="2022-09-15T09:56:25Z">
          <params>
            <param index="0">
              <value>
                <![CDATA[java]]>
              </value>
            </param>
          </params>
          <reporter-output>
          </reporter-output>
        </test-method> <!-- search -->
        <test-method status="PASS" signature="quitBrowser()[pri:0, instance:com.searchmodule.pages.SearchTest@5ebec15]" name="quitBrowser" is-config="true" duration-ms="735" started-at="2022-09-15T09:56:25Z" finished-at="2022-09-15T09:56:26Z">
          <reporter-output>
          </reporter-output>
        </test-method> <!-- quitBrowser -->
      </class> <!-- com.searchmodule.pages.SearchTest -->
    </test> <!-- search-test-java -->
    <test name="search-test-webdriver" duration-ms="7920" started-at="2022-09-15T09:56:26Z" finished-at="2022-09-15T09:56:34Z">
      <class name="com.searchmodule.pages.SearchTest">
        <test-method status="PASS" signature="setupDriver(org.testng.ITestContext)[pri:0, instance:com.searchmodule.pages.SearchTest@6fb554cc]" name="setupDriver" is-config="true" duration-ms="2907" started-at="2022-09-15T09:56:26Z" finished-at="2022-09-15T09:56:29Z">
          <params>
            <param index="0">
              <value>
                <![CDATA[org.testng.TestRunner@3be8821f]]>
              </value>
            </param>
          </params>
          <reporter-output>
          </reporter-output>
        </test-method> <!-- setupDriver -->
        <test-method status="PASS" signature="search(java.lang.String)[pri:0, instance:com.searchmodule.pages.SearchTest@6fb554cc]" name="search" duration-ms="4298" started-at="2022-09-15T09:56:29Z" finished-at="2022-09-15T09:56:33Z">
          <params>
            <param index="0">
              <value>
                <![CDATA[webdriver]]>
              </value>
            </param>
          </params>
          <reporter-output>
          </reporter-output>
        </test-method> <!-- search -->
        <test-method status="PASS" signature="quitBrowser()[pri:0, instance:com.searchmodule.pages.SearchTest@6fb554cc]" name="quitBrowser" is-config="true" duration-ms="712" started-at="2022-09-15T09:56:33Z" finished-at="2022-09-15T09:56:34Z">
          <reporter-output>
          </reporter-output>
        </test-method> <!-- quitBrowser -->
      </class> <!-- com.searchmodule.pages.SearchTest -->
    </test> <!-- search-test-webdriver -->
    <test name="search-test-docker" duration-ms="10795" started-at="2022-09-15T09:56:34Z" finished-at="2022-09-15T09:56:44Z">
      <class name="com.searchmodule.pages.SearchTest">
        <test-method status="PASS" signature="setupDriver(org.testng.ITestContext)[pri:0, instance:com.searchmodule.pages.SearchTest@3567135c]" name="setupDriver" is-config="true" duration-ms="6247" started-at="2022-09-15T09:56:34Z" finished-at="2022-09-15T09:56:40Z">
          <params>
            <param index="0">
              <value>
                <![CDATA[org.testng.TestRunner@64b31700]]>
              </value>
            </param>
          </params>
          <reporter-output>
          </reporter-output>
        </test-method> <!-- setupDriver -->
        <test-method status="PASS" signature="search(java.lang.String)[pri:0, instance:com.searchmodule.pages.SearchTest@3567135c]" name="search" duration-ms="3676" started-at="2022-09-15T09:56:40Z" finished-at="2022-09-15T09:56:44Z">
          <params>
            <param index="0">
              <value>
                <![CDATA[docker]]>
              </value>
            </param>
          </params>
          <reporter-output>
          </reporter-output>
        </test-method> <!-- search -->
        <test-method status="PASS" signature="quitBrowser()[pri:0, instance:com.searchmodule.pages.SearchTest@3567135c]" name="quitBrowser" is-config="true" duration-ms="863" started-at="2022-09-15T09:56:44Z" finished-at="2022-09-15T09:56:44Z">
          <reporter-output>
          </reporter-output>
        </test-method> <!-- quitBrowser -->
      </class> <!-- com.searchmodule.pages.SearchTest -->
    </test> <!-- search-test-docker -->
    <test name="search-test-kubernetes" duration-ms="10001" started-at="2022-09-15T09:56:44Z" finished-at="2022-09-15T09:56:54Z">
      <class name="com.searchmodule.pages.SearchTest">
        <test-method status="PASS" signature="setupDriver(org.testng.ITestContext)[pri:0, instance:com.searchmodule.pages.SearchTest@6b143ee9]" name="setupDriver" is-config="true" duration-ms="5424" started-at="2022-09-15T09:56:44Z" finished-at="2022-09-15T09:56:50Z">
          <params>
            <param index="0">
              <value>
                <![CDATA[org.testng.TestRunner@3b65e559]]>
              </value>
            </param>
          </params>
          <reporter-output>
          </reporter-output>
        </test-method> <!-- setupDriver -->
        <test-method status="PASS" signature="search(java.lang.String)[pri:0, instance:com.searchmodule.pages.SearchTest@6b143ee9]" name="search" duration-ms="3656" started-at="2022-09-15T09:56:50Z" finished-at="2022-09-15T09:56:54Z">
          <params>
            <param index="0">
              <value>
                <![CDATA[kubernetes]]>
              </value>
            </param>
          </params>
          <reporter-output>
          </reporter-output>
        </test-method> <!-- search -->
        <test-method status="PASS" signature="quitBrowser()[pri:0, instance:com.searchmodule.pages.SearchTest@6b143ee9]" name="quitBrowser" is-config="true" duration-ms="920" started-at="2022-09-15T09:56:54Z" finished-at="2022-09-15T09:56:54Z">
          <reporter-output>
          </reporter-output>
        </test-method> <!-- quitBrowser -->
      </class> <!-- com.searchmodule.pages.SearchTest -->
    </test> <!-- search-test-kubernetes -->
  </suite> <!-- search-module -->
</testng-results>
