<?xml version="1.0" encoding="UTF-8"?>
<!-- Generated by org.testng.reporters.JUnitXMLReporter -->
<testsuite ignored="0" hostname="LAPTOP-LTD0O8D9" failures="0" tests="5" name="book-flight-1" time="13.738" errors="0" timestamp="15 Sep 2022 09:20:47 GMT">
  <testcase classname="com.udemy.selenium.docker.selenium_docker.BookFlightTest" name="registrationPage" time="6.068"/>
  <testcase classname="com.udemy.selenium.docker.selenium_docker.BookFlightTest" name="registrationConfirmationPage" time="0.154"/>
  <testcase classname="com.udemy.selenium.docker.selenium_docker.BookFlightTest" name="flightDetailsPage" time="1.78"/>
  <testcase classname="com.udemy.selenium.docker.selenium_docker.BookFlightTest" name="findFlightPage" time="0.364"/>
  <testcase classname="com.udemy.selenium.docker.selenium_docker.BookFlightTest" name="flightConfirmationPage" time="0.266"/>
</testsuite> <!-- book-flight-1 -->
