<?xml version="1.0" encoding="UTF-8"?>
<!-- Generated by org.testng.reporters.JUnitXMLReporter -->
<testsuite ignored="0" hostname="LAPTOP-LTD0O8D9" failures="0" tests="5" name="book-flight-4" time="12.539" errors="0" timestamp="15 Sep 2022 09:21:18 GMT">
  <testcase classname="com.udemy.selenium.docker.selenium_docker.BookFlightTest" name="registrationPage" time="6.348"/>
  <testcase classname="com.udemy.selenium.docker.selenium_docker.BookFlightTest" name="registrationConfirmationPage" time="0.189"/>
  <testcase classname="com.udemy.selenium.docker.selenium_docker.BookFlightTest" name="flightDetailsPage" time="2.163"/>
  <testcase classname="com.udemy.selenium.docker.selenium_docker.BookFlightTest" name="findFlightPage" time="0.496"/>
  <testcase classname="com.udemy.selenium.docker.selenium_docker.BookFlightTest" name="flightConfirmationPage" time="0.482"/>
</testsuite> <!-- book-flight-4 -->
