<?xml version="1.0" encoding="UTF-8"?>
<!-- Generated by org.testng.reporters.JUnitXMLReporter -->
<testsuite ignored="0" hostname="LAPTOP-LTD0O8D9" failures="0" tests="5" name="book-flight-2" time="9.526" errors="0" timestamp="15 Sep 2022 09:20:57 GMT">
  <testcase classname="com.udemy.selenium.docker.selenium_docker.BookFlightTest" name="registrationPage" time="5.796"/>
  <testcase classname="com.udemy.selenium.docker.selenium_docker.BookFlightTest" name="registrationConfirmationPage" time="0.197"/>
  <testcase classname="com.udemy.selenium.docker.selenium_docker.BookFlightTest" name="flightDetailsPage" time="1.93"/>
  <testcase classname="com.udemy.selenium.docker.selenium_docker.BookFlightTest" name="findFlightPage" time="0.435"/>
  <testcase classname="com.udemy.selenium.docker.selenium_docker.BookFlightTest" name="flightConfirmationPage" time="0.247"/>
</testsuite> <!-- book-flight-2 -->
